<?xml version="1.0" encoding="UTF-8"?>
<testng-results ignored="0" total="1" passed="1" failed="0" skipped="0">
  <reporter-output>
  </reporter-output>
  <suite started-at="2022-05-20T19:22:48 IST" name="Default suite" finished-at="2022-05-20T19:23:08 IST" duration-ms="20238">
    <groups>
    </groups>
    <test started-at="2022-05-20T19:22:48 IST" name="Default test" finished-at="2022-05-20T19:23:08 IST" duration-ms="20238">
      <class name="Generic.Test2">
        <test-method is-config="true" signature="openapp()[pri:0, instance:Generic.Test2@67080771]" started-at="2022-05-20T19:22:48 IST" name="openapp" finished-at="2022-05-20T19:22:59 IST" duration-ms="10953" status="PASS">
          <reporter-output>
          </reporter-output>
        </test-method> <!-- openapp -->
        <test-method signature="test()[pri:0, instance:Generic.Test2@67080771]" started-at="2022-05-20T19:22:59 IST" name="test" finished-at="2022-05-20T19:23:05 IST" duration-ms="6529" status="PASS">
          <reporter-output>
          </reporter-output>
        </test-method> <!-- test -->
        <test-method is-config="true" signature="closeapp()[pri:0, instance:Generic.Test2@67080771]" started-at="2022-05-20T19:23:05 IST" name="closeapp" finished-at="2022-05-20T19:23:08 IST" duration-ms="2678" status="PASS">
          <reporter-output>
          </reporter-output>
        </test-method> <!-- closeapp -->
      </class> <!-- Generic.Test2 -->
    </test> <!-- Default test -->
  </suite> <!-- Default suite -->
</testng-results>
